
         ,--.
       ,--.'|
   ,--,:  : |                                           Nacos 1.4.1
,`--.'`|  ' :                       ,---.               Running in stand alone mode, All function modules
|   :  :  | |                      '   ,'\   .--.--.    Port: 8848
:   |   \ | :  ,--.--.     ,---.  /   /   | /  /    '   Pid: 32
|   : '  '; | /       \   /     \.   ; ,. :|  :  /`./   Console: http://f76c91d1a597:8848/nacos/index.html
'   ' ;.    ;.--.  .-. | /    / ''   | |: :|  :  ;_
|   | | \   | \__\/: . ..    ' / '   | .; : \  \    `.      https://nacos.io
'   : |  ; .' ," .--.; |'   ; :__|   :    |  `----.   \
|   | '`--'  /  /  ,.  |'   | '.'|\   \  /  /  /`--'  /
'   : |     ;  :   .'   \   :    : `----'  '--'.     /
;   |.'     |  ,     .-./\   \  /            `--'---'
'---'        `--`---'     `----'

2021-03-30 17:30:43,034 INFO Bean 'org.springframework.security.access.expression.method.DefaultMethodSecurityExpressionHandler@1672fe87' of type [org.springframework.security.access.expression.method.DefaultMethodSecurityExpressionHandler] is not eligible for getting processed by all BeanPostProcessors (for example: not eligible for auto-proxying)

2021-03-30 17:30:43,050 INFO Bean 'methodSecurityMetadataSource' of type [org.springframework.security.access.method.DelegatingMethodSecurityMetadataSource] is not eligible for getting processed by all BeanPostProcessors (for example: not eligible for auto-proxying)

2021-03-30 17:30:43,432 INFO Tomcat initialized with port(s): 8848 (http)

2021-03-30 17:30:43,776 INFO Root WebApplicationContext: initialization completed in 2978 ms

2021-03-30 17:30:46,775 INFO Initializing ExecutorService 'applicationTaskExecutor'

2021-03-30 17:30:46,906 INFO Adding welcome page: class path resource [static/index.html]

2021-03-30 17:30:47,522 INFO Creating filter chain: Ant [pattern='/**'], []

2021-03-30 17:30:47,564 INFO Creating filter chain: any request, [org.springframework.security.web.context.request.async.WebAsyncManagerIntegrationFilter@1e11bc55, org.springframework.security.web.context.SecurityContextPersistenceFilter@66238be2, org.springframework.security.web.header.HeaderWriterFilter@1827a871, org.springframework.security.web.csrf.CsrfFilter@615f972, org.springframework.security.web.authentication.logout.LogoutFilter@24f43aa3, org.springframework.security.web.savedrequest.RequestCacheAwareFilter@200606de, org.springframework.security.web.servletapi.SecurityContextHolderAwareRequestFilter@3e587920, org.springframework.security.web.authentication.AnonymousAuthenticationFilter@7544a1e4, org.springframework.security.web.session.SessionManagementFilter@7249dadf, org.springframework.security.web.access.ExceptionTranslationFilter@73393584]

2021-03-30 17:30:47,655 INFO Initializing ExecutorService 'taskScheduler'

2021-03-30 17:30:47,675 INFO Exposing 16 endpoint(s) beneath base path '/actuator'

2021-03-30 17:30:47,760 INFO Tomcat started on port(s): 8848 (http) with context path '/nacos'

2021-03-30 17:30:47,766 INFO Nacos started successfully in stand alone mode. use external storage

2021-03-30 17:31:07,430 INFO Initializing Servlet 'dispatcherServlet'

2021-03-30 17:31:07,441 INFO Completed initialization in 11 ms

