
         ,--.
       ,--.'|
   ,--,:  : |                                           Nacos 1.4.1
,`--.'`|  ' :                       ,---.               Running in stand alone mode, All function modules
|   :  :  | |                      '   ,'\   .--.--.    Port: 8848
:   |   \ | :  ,--.--.     ,---.  /   /   | /  /    '   Pid: 26
|   : '  '; | /       \   /     \.   ; ,. :|  :  /`./   Console: http://a120df9541e6:8848/nacos/index.html
'   ' ;.    ;.--.  .-. | /    / ''   | |: :|  :  ;_
|   | | \   | \__\/: . ..    ' / '   | .; : \  \    `.      https://nacos.io
'   : |  ; .' ," .--.; |'   ; :__|   :    |  `----.   \
|   | '`--'  /  /  ,.  |'   | '.'|\   \  /  /  /`--'  /
'   : |     ;  :   .'   \   :    : `----'  '--'.     /
;   |.'     |  ,     .-./\   \  /            `--'---'
'---'        `--`---'     `----'

2021-03-31 21:27:10,004 INFO Bean 'org.springframework.security.access.expression.method.DefaultMethodSecurityExpressionHandler@727eb8cb' of type [org.springframework.security.access.expression.method.DefaultMethodSecurityExpressionHandler] is not eligible for getting processed by all BeanPostProcessors (for example: not eligible for auto-proxying)

2021-03-31 21:27:10,023 INFO Bean 'methodSecurityMetadataSource' of type [org.springframework.security.access.method.DelegatingMethodSecurityMetadataSource] is not eligible for getting processed by all BeanPostProcessors (for example: not eligible for auto-proxying)

2021-03-31 21:27:10,834 INFO Tomcat initialized with port(s): 8848 (http)

2021-03-31 21:27:11,705 INFO Root WebApplicationContext: initialization completed in 6258 ms

2021-03-31 21:27:16,483 INFO Initializing ExecutorService 'applicationTaskExecutor'

2021-03-31 21:27:17,067 INFO Adding welcome page: class path resource [static/index.html]

2021-03-31 21:27:19,425 INFO Creating filter chain: Ant [pattern='/**'], []

2021-03-31 21:27:19,532 INFO Creating filter chain: any request, [org.springframework.security.web.context.request.async.WebAsyncManagerIntegrationFilter@31500940, org.springframework.security.web.context.SecurityContextPersistenceFilter@596df867, org.springframework.security.web.header.HeaderWriterFilter@6c4f9535, org.springframework.security.web.csrf.CsrfFilter@797501a, org.springframework.security.web.authentication.logout.LogoutFilter@285f09de, org.springframework.security.web.savedrequest.RequestCacheAwareFilter@241a53ef, org.springframework.security.web.servletapi.SecurityContextHolderAwareRequestFilter@70e659aa, org.springframework.security.web.authentication.AnonymousAuthenticationFilter@1827a871, org.springframework.security.web.session.SessionManagementFilter@30c31dd7, org.springframework.security.web.access.ExceptionTranslationFilter@57f791c6]

2021-03-31 21:27:19,869 INFO Initializing ExecutorService 'taskScheduler'

2021-03-31 21:27:19,963 INFO Exposing 16 endpoint(s) beneath base path '/actuator'

2021-03-31 21:27:20,505 INFO Tomcat started on port(s): 8848 (http) with context path '/nacos'

2021-03-31 21:27:20,527 INFO Nacos started successfully in stand alone mode. use external storage

